Scanner/app/build/intermediates/manifest_merge_blame_file/release/manifest-merger-blame-release-report.txt
1<?xml version="1.0" encoding="utf-8"?>
2<manifest xmlns:android="http://schemas.android.com/apk/res/android"
3    package="com.example.uhf"
4    android:versionCode="4"
5    android:versionName="1.6.8" >
6
7    <uses-sdk
8        android:minSdkVersion="22"
8-->src\main\AndroidManifest.xml
9        android:targetSdkVersion="29" />
9-->src\main\AndroidManifest.xml
10
11    <uses-permission android:name="android.permission.WRITE_EXTERNAL_STORAGE" />
11-->src\main\AndroidManifest.xml:6:5-80
11-->src\main\AndroidManifest.xml:6:22-78
12    <uses-permission android:name="android.permission.BOOT_COMPLETED" />
12-->src\main\AndroidManifest.xml:7:5-73
12-->src\main\AndroidManifest.xml:7:22-70
13    <uses-permission android:name="android.permission.READ_EXTERNAL_STORAGE" />
13-->src\main\AndroidManifest.xml:8:5-79
13-->src\main\AndroidManifest.xml:8:22-77
14
15    <uses-feature android:name="android.hardware.usb.host" />
15-->src\main\AndroidManifest.xml:9:5-62
15-->src\main\AndroidManifest.xml:9:19-59
16
17    <uses-permission android:name="android.permission.USB_PERMISSION" />
17-->src\main\AndroidManifest.xml:10:5-73
17-->src\main\AndroidManifest.xml:10:22-70
18    <uses-permission android:name="android.permission.ACCESS_NETWORK_STATE" />
18-->[DeviceAPI_ver20230228_release.aar] AndroidManifest.xml:11:5-79
18-->[DeviceAPI_ver20230228_release.aar] AndroidManifest.xml:11:22-76
19    <uses-permission android:name="android.permission.BLUETOOTH_ADMIN" />
19-->[DeviceAPI_ver20230228_release.aar] AndroidManifest.xml:12:5-74
19-->[DeviceAPI_ver20230228_release.aar] AndroidManifest.xml:12:22-71
20    <uses-permission android:name="android.permission.CAMERA" />
20-->[DeviceAPI_ver20230228_release.aar] AndroidManifest.xml:13:5-65
20-->[DeviceAPI_ver20230228_release.aar] AndroidManifest.xml:13:22-62
21    <uses-permission android:name="android.permission.CHANGE_WIFI_STATE" />
21-->[DeviceAPI_ver20230228_release.aar] AndroidManifest.xml:14:5-76
21-->[DeviceAPI_ver20230228_release.aar] AndroidManifest.xml:14:22-73
22
23    <application
23-->src\main\AndroidManifest.xml:11:5-44:19
24        android:allowBackup="true"
24-->src\main\AndroidManifest.xml:12:9-35
25        android:appComponentFactory="androidx.core.app.CoreComponentFactory"
25-->[androidx.core:core:1.3.0] AndroidManifest.xml:24:18-86
26        android:icon="@drawable/ic_launcher"
26-->src\main\AndroidManifest.xml:13:9-45
27        android:label="@string/app_name"
27-->src\main\AndroidManifest.xml:14:9-41
28        android:theme="@style/CustomTheme" >
28-->src\main\AndroidManifest.xml:15:9-43
29        <activity
29-->src\main\AndroidManifest.xml:16:9-26:20
30            android:name="com.example.uhf.activity.UHFMainActivity"
30-->src\main\AndroidManifest.xml:17:13-68
31            android:configChanges="orientation|screenSize"
31-->src\main\AndroidManifest.xml:19:13-59
32            android:label="@string/app_name"
32-->src\main\AndroidManifest.xml:20:13-45
33            android:screenOrientation="landscape" >
33-->src\main\AndroidManifest.xml:18:13-50
34            <intent-filter>
34-->src\main\AndroidManifest.xml:21:13-25:29
35                <action android:name="android.intent.action.MAIN" />
35-->src\main\AndroidManifest.xml:22:17-69
35-->src\main\AndroidManifest.xml:22:25-66
36
37                <category android:name="android.intent.category.LAUNCHER" />
37-->src\main\AndroidManifest.xml:24:17-77
37-->src\main\AndroidManifest.xml:24:27-74
38            </intent-filter>
39        </activity>
40        <!-- <receiver android:name="com.example.uhf.receiver.BootBroadcastReceiver"> -->
41        <!-- <intent-filter android:priority="1000"> -->
42        <!-- <action android:name="android.intent.action.BOOT_COMPLETED" /> -->
43        <!-- <category android:name="android.intent.category.LAUNCHER" /> -->
44        <!-- </intent-filter> -->
45        <!-- </receiver> -->
46        <activity android:name="com.example.uhf.filebrowser.FileManagerActivity" />
46-->src\main\AndroidManifest.xml:33:10-69
46-->src\main\AndroidManifest.xml:33:20-67
47
48        <service android:name="com.example.uhf.service.TcpService" />
48-->src\main\AndroidManifest.xml:34:9-54
48-->src\main\AndroidManifest.xml:34:18-52
49
50        <receiver
50-->src\main\AndroidManifest.xml:35:9-43:20
51            android:name="com.example.uhf.activity.UsbReceiver"
51-->src\main\AndroidManifest.xml:36:13-49
52            android:enabled="true"
52-->src\main\AndroidManifest.xml:37:13-35
53            android:exported="true" >
53-->src\main\AndroidManifest.xml:38:13-36
54            <intent-filter>
54-->src\main\AndroidManifest.xml:39:13-42:29
55                <action android:name="android.hardware.usb.action.USB_DEVICE_ATTACHED" />
55-->src\main\AndroidManifest.xml:40:17-90
55-->src\main\AndroidManifest.xml:40:25-87
56                <action android:name="android.hardware.usb.action.USB_DEVICE_DETACHED" />
56-->src\main\AndroidManifest.xml:41:17-90
56-->src\main\AndroidManifest.xml:41:25-87
57            </intent-filter>
58        </receiver>
59    </application>
60
61</manifest>